[debug] [2021-09-21T04:44:06.926Z] ----------------------------------------------------------------------
[debug] [2021-09-21T04:44:06.928Z] Command:       /usr/local/Cellar/node/14.4.0/bin/node /usr/local/bin/firebase deploy
[debug] [2021-09-21T04:44:06.928Z] CLI Version:   9.18.0
[debug] [2021-09-21T04:44:06.928Z] Platform:      darwin
[debug] [2021-09-21T04:44:06.928Z] Node Version:  v14.4.0
[debug] [2021-09-21T04:44:06.930Z] Time:          Mon Sep 20 2021 23:44:06 GMT-0500 (Central Daylight Time)
[debug] [2021-09-21T04:44:06.930Z] ----------------------------------------------------------------------
[debug] 
[debug] [2021-09-21T04:44:06.981Z] > command requires scopes: ["email","openid","https://www.googleapis.com/auth/cloudplatformprojects.readonly","https://www.googleapis.com/auth/firebase","https://www.googleapis.com/auth/cloud-platform"]
[debug] [2021-09-21T04:44:06.981Z] > authorizing via signed-in user (hongkongbboy@gmail.com)
[debug] [2021-09-21T04:44:06.981Z] [iam] checking project my-portfolio-ef549 for permissions ["firebase.projects.get","firebasehosting.sites.update"]
[debug] [2021-09-21T04:44:06.983Z] > refreshing access token with scopes: ["email","https://www.googleapis.com/auth/cloud-platform","https://www.googleapis.com/auth/cloudplatformprojects.readonly","https://www.googleapis.com/auth/firebase","openid"]
[debug] [2021-09-21T04:44:06.983Z] >>> HTTP REQUEST POST https://www.googleapis.com/oauth2/v3/token  
 <request body omitted>
[debug] [2021-09-21T04:44:07.090Z] <<< HTTP RESPONSE 200 {"pragma":"no-cache","date":"Tue, 21 Sep 2021 04:44:07 GMT","expires":"Mon, 01 Jan 1990 00:00:00 GMT","cache-control":"no-cache, no-store, max-age=0, must-revalidate","content-type":"application/json; charset=utf-8","vary":"X-Origin, Referer, Origin,Accept-Encoding","server":"scaffolding on HTTPServer2","x-xss-protection":"0","x-frame-options":"SAMEORIGIN","x-content-type-options":"nosniff","alt-svc":"h3=\":443\"; ma=2592000,h3-29=\":443\"; ma=2592000,h3-T051=\":443\"; ma=2592000,h3-Q050=\":443\"; ma=2592000,h3-Q046=\":443\"; ma=2592000,h3-Q043=\":443\"; ma=2592000,quic=\":443\"; ma=2592000; v=\"46,43\"","accept-ranges":"none","transfer-encoding":"chunked"}
[debug] [2021-09-21T04:44:07.110Z] >>> HTTP REQUEST POST https://cloudresourcemanager.googleapis.com/v1/projects/my-portfolio-ef549:testIamPermissions  
 {"permissions":["firebase.projects.get","firebasehosting.sites.update"]}
[debug] [2021-09-21T04:44:07.333Z] <<< HTTP RESPONSE 200 {"content-type":"application/json; charset=UTF-8","vary":"X-Origin, Referer, Origin,Accept-Encoding","date":"Tue, 21 Sep 2021 04:44:07 GMT","server":"ESF","cache-control":"private","x-xss-protection":"0","x-frame-options":"SAMEORIGIN","x-content-type-options":"nosniff","server-timing":"gfet4t7; dur=119","alt-svc":"h3=\":443\"; ma=2592000,h3-29=\":443\"; ma=2592000,h3-T051=\":443\"; ma=2592000,h3-Q050=\":443\"; ma=2592000,h3-Q046=\":443\"; ma=2592000,h3-Q043=\":443\"; ma=2592000,quic=\":443\"; ma=2592000; v=\"46,43\"","accept-ranges":"none","transfer-encoding":"chunked"}
[debug] [2021-09-21T04:44:07.334Z] [iam] error while checking permissions, command may fail: FirebaseError: Authorization failed. This account is missing the following required permissions on project my-portfolio-ef549:

  firebase.projects.get
  firebasehosting.sites.update
[debug] [2021-09-21T04:44:07.335Z] > refreshing access token with scopes: []
[debug] [2021-09-21T04:44:07.335Z] >>> HTTP REQUEST POST https://www.googleapis.com/oauth2/v3/token  
 <request body omitted>
[debug] [2021-09-21T04:44:07.425Z] <<< HTTP RESPONSE 200 {"pragma":"no-cache","date":"Tue, 21 Sep 2021 04:44:07 GMT","expires":"Mon, 01 Jan 1990 00:00:00 GMT","cache-control":"no-cache, no-store, max-age=0, must-revalidate","content-type":"application/json; charset=utf-8","vary":"X-Origin, Referer, Origin,Accept-Encoding","server":"scaffolding on HTTPServer2","x-xss-protection":"0","x-frame-options":"SAMEORIGIN","x-content-type-options":"nosniff","alt-svc":"h3=\":443\"; ma=2592000,h3-29=\":443\"; ma=2592000,h3-T051=\":443\"; ma=2592000,h3-Q050=\":443\"; ma=2592000,h3-Q046=\":443\"; ma=2592000,h3-Q043=\":443\"; ma=2592000,quic=\":443\"; ma=2592000; v=\"46,43\"","accept-ranges":"none","transfer-encoding":"chunked"}
[debug] [2021-09-21T04:44:07.458Z] >>> [apiv2][query] GET https://firebase.googleapis.com/v1beta1/projects/my-portfolio-ef549 [none]
[debug] [2021-09-21T04:44:07.739Z] <<< [apiv2][status] GET https://firebase.googleapis.com/v1beta1/projects/my-portfolio-ef549 403
[debug] [2021-09-21T04:44:07.739Z] <<< [apiv2][body] GET https://firebase.googleapis.com/v1beta1/projects/my-portfolio-ef549 {"error":{"code":403,"message":"The caller does not have permission","status":"PERMISSION_DENIED"}}
[debug] [2021-09-21T04:44:07.739Z] HTTP Error: 403, The caller does not have permission
[debug] [2021-09-21T04:44:07.825Z] FirebaseError: HTTP Error: 403, The caller does not have permission
    at module.exports (/usr/local/lib/node_modules/firebase-tools/lib/responseToError.js:38:12)
    at Client.doRequest (/usr/local/lib/node_modules/firebase-tools/lib/apiv2.js:238:23)
    at processTicksAndRejections (internal/process/task_queues.js:97:5)
    at async Client.request (/usr/local/lib/node_modules/firebase-tools/lib/apiv2.js:96:20)
    at async Object.getFirebaseProject (/usr/local/lib/node_modules/firebase-tools/lib/management/projects.js:290:21)
    at async Object.getDefaultHostingSite (/usr/local/lib/node_modules/firebase-tools/lib/getDefaultHostingSite.js:8:21)
    at async requireHostingSite (/usr/local/lib/node_modules/firebase-tools/lib/requireHostingSite.js:9:18)
    at async Object.fn (/usr/local/lib/node_modules/firebase-tools/lib/commands/deploy.js:65:9)
    at async /usr/local/lib/node_modules/firebase-tools/lib/command.js:188:17
[error] 
[error] Error: Failed to get Firebase project my-portfolio-ef549. Please make sure the project exists and your account has permission to access it.
